<?xml version="1.0" encoding="UTF-8"?>
<testng-results ignored="0" total="2" passed="2" failed="0" skipped="0">
  <reporter-output>
  </reporter-output>
  <suite started-at="2023-08-06T19:27:31 EEST" name="Command line suite" finished-at="2023-08-06T19:27:34 EEST" duration-ms="2168">
    <groups>
    </groups>
    <test started-at="2023-08-06T19:27:31 EEST" name="Command line test" finished-at="2023-08-06T19:27:34 EEST" duration-ms="2168">
      <class name="RestAssuredTest">
        <test-method is-config="true" signature="setUp()[pri:0, instance:RestAssuredTest@21b2e768]" started-at="2023-08-06T19:27:31 EEST" name="setUp" finished-at="2023-08-06T19:27:31 EEST" duration-ms="134" status="PASS">
          <reporter-output>
          </reporter-output>
        </test-method> <!-- setUp -->
        <test-method signature="currencyList()[pri:0, instance:RestAssuredTest@21b2e768]" started-at="2023-08-06T19:27:31 EEST" name="currencyList" finished-at="2023-08-06T19:27:33 EEST" duration-ms="1633" status="PASS">
          <reporter-output>
          </reporter-output>
        </test-method> <!-- currencyList -->
        <test-method signature="getFaresCalender()[pri:0, instance:RestAssuredTest@21b2e768]" started-at="2023-08-06T19:27:33 EEST" name="getFaresCalender" finished-at="2023-08-06T19:27:34 EEST" duration-ms="514" status="PASS">
          <reporter-output>
          </reporter-output>
        </test-method> <!-- getFaresCalender -->
        <test-method is-config="true" signature="tearDown()[pri:0, instance:RestAssuredTest@21b2e768]" started-at="2023-08-06T19:27:34 EEST" name="tearDown" finished-at="2023-08-06T19:27:34 EEST" duration-ms="2" status="PASS">
          <reporter-output>
          </reporter-output>
        </test-method> <!-- tearDown -->
      </class> <!-- RestAssuredTest -->
    </test> <!-- Command line test -->
  </suite> <!-- Command line suite -->
</testng-results>
